<?xml version="1.0" encoding="UTF-8"?>
<!-- Generated by org.testng.reporters.JUnitXMLReporter -->
<testsuite hostname="HDC2-D-BJSH882" ignored="0" name="Testxml1" tests="3" failures="0" timestamp="21 Oct 2019 04:49:13 GMT" time="45.008" errors="0">
  <testcase name="f" time="15.874" classname="NewTestNGpackage.welcomemercury1"/>
  <testcase name="f" time="12.27" classname="NewTestNGpackage.Dataproviderexample"/>
  <testcase name="f" time="16.786" classname="NewTestNGpackage.Dataproviderexample"/>
</testsuite> <!-- Testxml1 -->
