<?xml version="1.0" encoding="UTF-8"?>
<testng-results skipped="0" failed="0" ignored="0" total="1" passed="1">
  <reporter-output>
  </reporter-output>
  <suite name="Default suite" duration-ms="37407" started-at="2019-10-23T10:34:16Z" finished-at="2019-10-23T10:34:53Z">
    <groups>
    </groups>
    <test name="Default test" duration-ms="37407" started-at="2019-10-23T10:34:16Z" finished-at="2019-10-23T10:34:53Z">
      <class name="NewTestNGpackage.demowebshopexcelsheetimport">
        <test-method status="PASS" signature="f()[pri:0, instance:NewTestNGpackage.demowebshopexcelsheetimport@3e6fa38a]" name="f" duration-ms="37362" started-at="2019-10-23T10:34:16Z" finished-at="2019-10-23T10:34:53Z">
          <reporter-output>
          </reporter-output>
        </test-method> <!-- f -->
      </class> <!-- NewTestNGpackage.demowebshopexcelsheetimport -->
    </test> <!-- Default test -->
  </suite> <!-- Default suite -->
</testng-results>
